This file contains any messages produced by compilers while
running configure, to aid debugging if configure makes a mistake.

It was created by GNU Automake configure 1.16.5, which was
generated by GNU Autoconf 2.71.  Invocation command line was

  $ ./configure

## --------- ##
## Platform. ##
## --------- ##

hostname = docker
uname -m = x86_64
uname -r = 4.15.0-147-generic
uname -s = Linux
uname -v = #151-Ubuntu SMP Fri Jun 18 19:21:19 UTC 2021

/usr/bin/uname -p = unknown
/bin/uname -X     = unknown

/bin/arch              = unknown
/usr/bin/arch -k       = unknown
/usr/convex/getsysinfo = unknown
/usr/bin/hostinfo      = unknown
/bin/machine           = unknown
/usr/bin/oslevel       = unknown
/bin/universe          = unknown

PATH: /home/dmadmin/project/blogs/blog_gawk_extension/automake-1.16.5/bin/
PATH: /home/dmadmin/.local/bin/
PATH: /app/dctm/java64/JAVA_LINK/bin/
PATH: /app/dctm/product/16.4/bin/
PATH: /app/dctm/dba/
PATH: /app/oracle/product/12.2.0.1/client_1/bin/
PATH: /app/oracle/product/12.2.0.1/client_1/bin/
PATH: /usr/local/sbin/
PATH: /usr/local/bin/
PATH: /usr/sbin/
PATH: /usr/bin/
PATH: /sbin/
PATH: /bin/
PATH: /usr/games/
PATH: /usr/local/games/
PATH: /snap/bin/


## ----------- ##
## Core tests. ##
## ----------- ##

configure:2518: looking for aux files: compile missing install-sh config.guess config.sub
configure:2531:  trying ./lib/
configure:2560:   ./lib/compile found
configure:2560:   ./lib/missing found
configure:2542:   ./lib/install-sh found
configure:2560:   ./lib/config.guess found
configure:2560:   ./lib/config.sub found
configure:2687: checking whether make supports nested variables
configure:2705: result: yes
configure:2724: checking build system type
configure:2739: result: x86_64-pc-linux-gnu
configure:2759: checking host system type
configure:2773: result: x86_64-pc-linux-gnu
configure:2827: checking for a BSD-compatible install
configure:2900: result: /usr/bin/install -c
configure:2911: checking whether build environment is sane
configure:2966: result: yes
configure:3125: checking for a race-free mkdir -p
configure:3169: result: /bin/mkdir -p
configure:3176: checking for gawk
configure:3197: found /usr/bin/gawk
configure:3208: result: gawk
configure:3219: checking whether make sets $(MAKE)
configure:3242: result: yes
configure:3409: checking whether ln -s works
configure:3416: result: no, using cp -pR
configure:3423: checking for perl
configure:3446: found /usr/bin/perl
configure:3458: result: /usr/bin/perl
configure:3470: /usr/bin/perl --version

This is perl 5, version 26, subversion 1 (v5.26.1) built for x86_64-linux-gnu-thread-multi
(with 71 registered patches, see perl -V for more detail)

Copyright 1987-2017, Larry Wall

Perl may be copied only under the terms of either the Artistic License or the
GNU General Public License, which may be found in the Perl 5 source kit.

Complete documentation for Perl, including FAQ lists, should be found on
this system using "man perl" or "perldoc perl".  If you have access to the
Internet, point your browser at http://www.perl.org/, the Perl Home Page.

configure:3473: $? = 0
configure:3485: checking for tex
configure:3520: result: no
configure:3528:  --version </dev/null
./configure: line 3529: --version: command not found
configure:3531: $? = 127
configure:3549: checking for yacc
configure:3584: result: no
configure:3549: checking for byacc
configure:3584: result: no
configure:3549: checking for bison
configure:3584: result: no
configure:3597: checking for lex
configure:3632: result: no
configure:3597: checking for flex
configure:3632: result: no
configure:3650: checking whether autoconf is installed
configure:3656: autoconf --version
autoconf (GNU Autoconf) 2.69
Copyright (C) 2012 Free Software Foundation, Inc.
License GPLv3+/Autoconf: GNU GPL version 3 or later
<http://gnu.org/licenses/gpl.html>, <http://gnu.org/licenses/exceptions.html>
This is free software: you are free to change and redistribute it.
There is NO WARRANTY, to the extent permitted by law.

Written by David J. MacKenzie and Akim Demaille.
configure:3659: $? = 0
configure:3667: result: yes
configure:3674: checking whether autoconf works
configure:3684: cd conftest && autoconf -o /dev/null conftest.ac
configure:3687: $? = 0
configure:3696: result: yes
configure:3703: checking whether autoconf is recent enough
configure:3714: cd conftest && autoconf -o /dev/null conftest.ac
configure:3717: $? = 0
configure:3726: result: yes
configure:3733: checking whether ln works
configure:3754: result: no
configure:3772: checking for grep that handles long lines and -e
configure:3836: result: /bin/grep
configure:3841: checking for egrep
configure:3909: result: /bin/grep -E
configure:3914: checking for fgrep
configure:3982: result: /bin/grep -F
configure:4025: will now look for a sturdy POSIX shell, for our testsuite
configure:4064: checking for sh
configure:4087: found /bin/sh
configure:4099: result: /bin/sh
configure:4064: checking for sh5
configure:4102: result: no
configure:4064: checking for dash
configure:4087: found /bin/dash
configure:4099: result: /bin/dash
configure:4064: checking for ash
configure:4102: result: no
configure:4064: checking for bash
configure:4087: found /bin/bash
configure:4099: result: /bin/bash
configure:4064: checking for zsh
configure:4102: result: no
configure:4064: checking for ksh
configure:4087: found /usr/bin/ksh
configure:4099: result: /usr/bin/ksh
configure:4064: checking for pdksh
configure:4102: result: no
configure:4123: checking whether /bin/bash supports $(cmd)
configure:4133: result: yes
configure:4143: checking whether /bin/bash supports $((expr))
configure:4153: result: yes
configure:4163: checking whether /bin/bash supports ${#var}
configure:4176: result: yes
configure:4186: checking whether /bin/bash supports ${var#glob} and ${var%glob}
configure:4200: result: yes
configure:4210: checking whether /bin/bash preserves exit traps with "set -e"
configure:4220: result: yes
configure:4230: checking whether /bin/bash can define exit traps in a shell function
configure:4240: result: yes
configure:4250: checking whether /bin/bash corrupts stderr with "set -x"
configure:4264: result: no
configure:4272: checking whether /bin/bash can return early from "dot-sourced" files
configure:4282: result: yes
configure:4294: checking whether /bin/bash supports alias named like shell builtins

configure:4304: result: yes
configure:4314: checking whether /bin/bash supports "test -e"
configure:4324: result: yes
configure:4342: shell /bin/bash is good enough, stop looking
configure:4359: will use /bin/bash as the testsuite shell
configure:4383: will now look for generic compilers
configure:4460: checking for cc
configure:4481: found /usr/bin/cc
configure:4492: result: cc
configure:4525: checking for C compiler version
configure:4534: cc --version >&5
cc (Ubuntu 7.5.0-3ubuntu1~18.04) 7.5.0
Copyright (C) 2017 Free Software Foundation, Inc.
This is free software; see the source for copying conditions.  There is NO
warranty; not even for MERCHANTABILITY or FITNESS FOR A PARTICULAR PURPOSE.

configure:4545: $? = 0
configure:4534: cc -v >&5
Using built-in specs.
COLLECT_GCC=cc
COLLECT_LTO_WRAPPER=/usr/lib/gcc/x86_64-linux-gnu/7/lto-wrapper
OFFLOAD_TARGET_NAMES=nvptx-none
OFFLOAD_TARGET_DEFAULT=1
Target: x86_64-linux-gnu
Configured with: ../src/configure -v --with-pkgversion='Ubuntu 7.5.0-3ubuntu1~18.04' --with-bugurl=file:///usr/share/doc/gcc-7/README.Bugs --enable-languages=c,ada,c++,go,brig,d,fortran,objc,obj-c++ --prefix=/usr --with-gcc-major-version-only --program-suffix=-7 --program-prefix=x86_64-linux-gnu- --enable-shared --enable-linker-build-id --libexecdir=/usr/lib --without-included-gettext --enable-threads=posix --libdir=/usr/lib --enable-nls --enable-bootstrap --enable-clocale=gnu --enable-libstdcxx-debug --enable-libstdcxx-time=yes --with-default-libstdcxx-abi=new --enable-gnu-unique-object --disable-vtable-verify --enable-libmpx --enable-plugin --enable-default-pie --with-system-zlib --with-target-system-zlib --enable-objc-gc=auto --enable-multiarch --disable-werror --with-arch-32=i686 --with-abi=m64 --with-multilib-list=m32,m64,mx32 --enable-multilib --with-tune=generic --enable-offload-targets=nvptx-none --without-cuda-driver --enable-checking=release --build=x86_64-linux-gnu --host=x86_64-linux-gnu --target=x86_64-linux-gnu
Thread model: posix
gcc version 7.5.0 (Ubuntu 7.5.0-3ubuntu1~18.04) 
configure:4545: $? = 0
configure:4534: cc -V >&5
cc: error: unrecognized command line option '-V'
cc: fatal error: no input files
compilation terminated.
configure:4545: $? = 1
configure:4534: cc -qversion >&5
cc: error: unrecognized command line option '-qversion'; did you mean '--version'?
cc: fatal error: no input files
compilation terminated.
configure:4545: $? = 1
configure:4534: cc -version >&5
cc: error: unrecognized command line option '-version'
cc: fatal error: no input files
compilation terminated.
configure:4545: $? = 1
configure:4565: checking whether the C compiler works
configure:4587: cc    conftest.c  >&5
configure:4591: $? = 0
configure:4643: result: yes
configure:4646: checking for C compiler default output file name
configure:4648: result: a.out
configure:4654: checking for suffix of executables
configure:4661: cc -o conftest    conftest.c  >&5
configure:4665: $? = 0
configure:4690: result: 
configure:4712: checking whether we are cross compiling
configure:4720: cc -o conftest    conftest.c  >&5
configure:4724: $? = 0
configure:4731: ./conftest
configure:4735: $? = 0
configure:4753: result: no
configure:4758: checking for suffix of object files
configure:4781: cc -c   conftest.c >&5
configure:4785: $? = 0
configure:4809: result: o
configure:4813: checking whether the compiler supports GNU C
configure:4833: cc -c   conftest.c >&5
configure:4833: $? = 0
configure:4843: result: yes
configure:4854: checking whether cc accepts -g
configure:4875: cc -c -g  conftest.c >&5
configure:4875: $? = 0
configure:4919: result: yes
configure:4939: checking for cc option to enable C11 features
configure:4954: cc  -c -g -O2  conftest.c >&5
configure:4954: $? = 0
configure:4972: result: none needed
configure:5088: checking whether cc understands -c and -o together
configure:5111: cc -c conftest.c -o conftest2.o
configure:5114: $? = 0
configure:5111: cc -c conftest.c -o conftest2.o
configure:5114: $? = 0
configure:5126: result: yes
configure:5261: checking for aCC
configure:5296: result: no
configure:5261: checking for CC
configure:5296: result: no
configure:5261: checking for FCC
configure:5296: result: no
configure:5261: checking for KCC
configure:5296: result: no
configure:5261: checking for RCC
configure:5296: result: no
configure:5261: checking for xlC_r
configure:5296: result: no
configure:5261: checking for xlC
configure:5296: result: no
configure:5261: checking for c++
configure:5282: found /usr/bin/c++
configure:5293: result: c++
configure:5320: checking for C++ compiler version
configure:5329: c++ --version >&5
c++ (Ubuntu 7.5.0-3ubuntu1~18.04) 7.5.0
Copyright (C) 2017 Free Software Foundation, Inc.
This is free software; see the source for copying conditions.  There is NO
warranty; not even for MERCHANTABILITY or FITNESS FOR A PARTICULAR PURPOSE.

configure:5340: $? = 0
configure:5329: c++ -v >&5
Using built-in specs.
COLLECT_GCC=c++
COLLECT_LTO_WRAPPER=/usr/lib/gcc/x86_64-linux-gnu/7/lto-wrapper
OFFLOAD_TARGET_NAMES=nvptx-none
OFFLOAD_TARGET_DEFAULT=1
Target: x86_64-linux-gnu
Configured with: ../src/configure -v --with-pkgversion='Ubuntu 7.5.0-3ubuntu1~18.04' --with-bugurl=file:///usr/share/doc/gcc-7/README.Bugs --enable-languages=c,ada,c++,go,brig,d,fortran,objc,obj-c++ --prefix=/usr --with-gcc-major-version-only --program-suffix=-7 --program-prefix=x86_64-linux-gnu- --enable-shared --enable-linker-build-id --libexecdir=/usr/lib --without-included-gettext --enable-threads=posix --libdir=/usr/lib --enable-nls --enable-bootstrap --enable-clocale=gnu --enable-libstdcxx-debug --enable-libstdcxx-time=yes --with-default-libstdcxx-abi=new --enable-gnu-unique-object --disable-vtable-verify --enable-libmpx --enable-plugin --enable-default-pie --with-system-zlib --with-target-system-zlib --enable-objc-gc=auto --enable-multiarch --disable-werror --with-arch-32=i686 --with-abi=m64 --with-multilib-list=m32,m64,mx32 --enable-multilib --with-tune=generic --enable-offload-targets=nvptx-none --without-cuda-driver --enable-checking=release --build=x86_64-linux-gnu --host=x86_64-linux-gnu --target=x86_64-linux-gnu
Thread model: posix
gcc version 7.5.0 (Ubuntu 7.5.0-3ubuntu1~18.04) 
configure:5340: $? = 0
configure:5329: c++ -V >&5
c++: error: unrecognized command line option '-V'
c++: fatal error: no input files
compilation terminated.
configure:5340: $? = 1
configure:5329: c++ -qversion >&5
c++: error: unrecognized command line option '-qversion'; did you mean '--version'?
c++: fatal error: no input files
compilation terminated.
configure:5340: $? = 1
configure:5360: checking whether the C++ compiler works
configure:5382: c++    conftest.cpp  >&5
configure:5386: $? = 0
configure:5438: result: yes
configure:5441: checking for C++ compiler default output file name
configure:5443: result: a.out
configure:5449: checking for suffix of executables
configure:5456: c++ -o conftest    conftest.cpp  >&5
configure:5460: $? = 0
configure:5485: result: 
configure:5507: checking whether we are cross compiling
configure:5515: c++ -o conftest    conftest.cpp  >&5
configure:5519: $? = 0
configure:5526: ./conftest
configure:5530: $? = 0
configure:5548: result: no
configure:5553: checking for suffix of object files
configure:5576: c++ -c   conftest.cpp >&5
configure:5580: $? = 0
configure:5604: result: o
configure:5608: checking whether the compiler supports GNU C++
configure:5628: c++ -c   conftest.cpp >&5
configure:5628: $? = 0
configure:5638: result: yes
configure:5649: checking whether c++ accepts -g
configure:5670: c++ -c -g  conftest.cpp >&5
configure:5670: $? = 0
configure:5714: result: yes
configure:5734: checking for c++ option to enable C++11 features
configure:5749: c++  -c -g -O2  conftest.cpp >&5
configure:5749: $? = 0
configure:5767: result: none needed
configure:5926: checking for xlf95
configure:5961: result: no
configure:5926: checking for f95
configure:5961: result: no
configure:5926: checking for fort
configure:5961: result: no
configure:5926: checking for ifort
configure:5961: result: no
configure:5926: checking for ifc
configure:5961: result: no
configure:5926: checking for efc
configure:5961: result: no
configure:5926: checking for pgfortran
configure:5961: result: no
configure:5926: checking for pgf95
configure:5961: result: no
configure:5926: checking for lf95
configure:5961: result: no
configure:5926: checking for ftn
configure:5961: result: no
configure:5926: checking for nagfor
configure:5961: result: no
configure:5926: checking for xlf90
configure:5961: result: no
configure:5926: checking for f90
configure:5961: result: no
configure:5926: checking for armflang
configure:5961: result: no
configure:5926: checking for flang
configure:5961: result: no
configure:5926: checking for pgf90
configure:5961: result: no
configure:5926: checking for pghpf
configure:5961: result: no
configure:5926: checking for epcf90
configure:5961: result: no
configure:5926: checking for g95
configure:5961: result: no
configure:5926: checking for gfortran
configure:5961: result: no
configure:5984: checking for Fortran compiler version
configure:5993:  --version >&5
./configure: line 5995: --version: command not found
configure:6004: $? = 127
configure:5993:  -v >&5
./configure: line 5995: -v: command not found
configure:6004: $? = 127
configure:5993:  -V >&5
./configure: line 5995: -V: command not found
configure:6004: $? = 127
configure:5993:  -qversion >&5
./configure: line 5995: -qversion: command not found
configure:6004: $? = 127
configure:6019: checking whether the Fortran compiler works
configure:6041:     conftest.f  >&5
./configure: line 6043: conftest.f: command not found
configure:6045: $? = 127
configure:6085: result: no
configure: failed program was:
|       program main
| 
|       end
configure:6091: WARNING: Fortran compiler cannot create executables
configure:6345: tests requiring the Fortran compiler will be skipped
configure:6431: checking for xlf
configure:6466: result: no
configure:6431: checking for f77
configure:6466: result: no
configure:6431: checking for frt
configure:6466: result: no
configure:6431: checking for pgf77
configure:6466: result: no
configure:6431: checking for cf77
configure:6466: result: no
configure:6431: checking for fort77
configure:6466: result: no
configure:6431: checking for fl32
configure:6466: result: no
configure:6431: checking for af77
configure:6466: result: no
configure:6431: checking for g77
configure:6466: result: no
configure:6431: checking for armflang
configure:6466: result: no
configure:6431: checking for flang
configure:6466: result: no
configure:6431: checking for gfortran
configure:6466: result: no
configure:6489: checking for Fortran 77 compiler version
configure:6498:  --version >&5
./configure: line 6500: --version: command not found
configure:6509: $? = 127
configure:6498:  -v >&5
./configure: line 6500: -v: command not found
configure:6509: $? = 127
configure:6498:  -V >&5
./configure: line 6500: -V: command not found
configure:6509: $? = 127
configure:6498:  -qversion >&5
./configure: line 6500: -qversion: command not found
configure:6509: $? = 127
configure:6524: checking whether the Fortran 77 compiler works
configure:6546:    conftest.f  >&5
./configure: line 6548: conftest.f: command not found
configure:6550: $? = 127
configure:6590: result: no
configure: failed program was:
|       program main
| 
|       end
configure:6596: WARNING: Fortran 77 compiler cannot create executables
configure:6850: tests requiring the Fortran 77 compiler will be skipped
configure:6883: will now look for GNU compilers
configure:6890: cc is already a GNU C compiler
configure:7006: cc --version && cc -v
cc (Ubuntu 7.5.0-3ubuntu1~18.04) 7.5.0
Copyright (C) 2017 Free Software Foundation, Inc.
This is free software; see the source for copying conditions.  There is NO
warranty; not even for MERCHANTABILITY or FITNESS FOR A PARTICULAR PURPOSE.

Using built-in specs.
COLLECT_GCC=cc
COLLECT_LTO_WRAPPER=/usr/lib/gcc/x86_64-linux-gnu/7/lto-wrapper
OFFLOAD_TARGET_NAMES=nvptx-none
OFFLOAD_TARGET_DEFAULT=1
Target: x86_64-linux-gnu
Configured with: ../src/configure -v --with-pkgversion='Ubuntu 7.5.0-3ubuntu1~18.04' --with-bugurl=file:///usr/share/doc/gcc-7/README.Bugs --enable-languages=c,ada,c++,go,brig,d,fortran,objc,obj-c++ --prefix=/usr --with-gcc-major-version-only --program-suffix=-7 --program-prefix=x86_64-linux-gnu- --enable-shared --enable-linker-build-id --libexecdir=/usr/lib --without-included-gettext --enable-threads=posix --libdir=/usr/lib --enable-nls --enable-bootstrap --enable-clocale=gnu --enable-libstdcxx-debug --enable-libstdcxx-time=yes --with-default-libstdcxx-abi=new --enable-gnu-unique-object --disable-vtable-verify --enable-libmpx --enable-plugin --enable-default-pie --with-system-zlib --with-target-system-zlib --enable-objc-gc=auto --enable-multiarch --disable-werror --with-arch-32=i686 --with-abi=m64 --with-multilib-list=m32,m64,mx32 --enable-multilib --with-tune=generic --enable-offload-targets=nvptx-none --without-cuda-driver --enable-checking=release --build=x86_64-linux-gnu --host=x86_64-linux-gnu --target=x86_64-linux-gnu
Thread model: posix
gcc version 7.5.0 (Ubuntu 7.5.0-3ubuntu1~18.04) 
configure:7009: $? = 0
configure:7025: c++ is already a GNU C++ compiler
configure:7142: c++ --version && c++ -v
c++ (Ubuntu 7.5.0-3ubuntu1~18.04) 7.5.0
Copyright (C) 2017 Free Software Foundation, Inc.
This is free software; see the source for copying conditions.  There is NO
warranty; not even for MERCHANTABILITY or FITNESS FOR A PARTICULAR PURPOSE.

Using built-in specs.
COLLECT_GCC=c++
COLLECT_LTO_WRAPPER=/usr/lib/gcc/x86_64-linux-gnu/7/lto-wrapper
OFFLOAD_TARGET_NAMES=nvptx-none
OFFLOAD_TARGET_DEFAULT=1
Target: x86_64-linux-gnu
Configured with: ../src/configure -v --with-pkgversion='Ubuntu 7.5.0-3ubuntu1~18.04' --with-bugurl=file:///usr/share/doc/gcc-7/README.Bugs --enable-languages=c,ada,c++,go,brig,d,fortran,objc,obj-c++ --prefix=/usr --with-gcc-major-version-only --program-suffix=-7 --program-prefix=x86_64-linux-gnu- --enable-shared --enable-linker-build-id --libexecdir=/usr/lib --without-included-gettext --enable-threads=posix --libdir=/usr/lib --enable-nls --enable-bootstrap --enable-clocale=gnu --enable-libstdcxx-debug --enable-libstdcxx-time=yes --with-default-libstdcxx-abi=new --enable-gnu-unique-object --disable-vtable-verify --enable-libmpx --enable-plugin --enable-default-pie --with-system-zlib --with-target-system-zlib --enable-objc-gc=auto --enable-multiarch --disable-werror --with-arch-32=i686 --with-abi=m64 --with-multilib-list=m32,m64,mx32 --enable-multilib --with-tune=generic --enable-offload-targets=nvptx-none --without-cuda-driver --enable-checking=release --build=x86_64-linux-gnu --host=x86_64-linux-gnu --target=x86_64-linux-gnu
Thread model: posix
gcc version 7.5.0 (Ubuntu 7.5.0-3ubuntu1~18.04) 
configure:7145: $? = 0
configure:7220: checking for gfortran
configure:7255: result: no
configure:7356: checking for g77
configure:7391: result: no
configure:7356: checking for gfortran
configure:7391: result: no
configure:7486: checking for gcj
configure:7521: result: no
configure:7722: checking that generated files are newer than configure
configure:7728: result: done
configure:7743: creating ./config.status

## ---------------------- ##
## Running config.status. ##
## ---------------------- ##

This file was extended by GNU Automake config.status 1.16.5, which was
generated by GNU Autoconf 2.71.  Invocation command line was

  CONFIG_FILES    = 
  CONFIG_HEADERS  = 
  CONFIG_LINKS    = 
  CONFIG_COMMANDS = 
  $ ./config.status 

on docker

config.status:814: creating Makefile
config.status:814: creating pre-inst-env

## ---------------- ##
## Cache variables. ##
## ---------------- ##

ac_cv_AM_TEST_RUNNER_SHELL=/bin/bash
ac_cv_build=x86_64-pc-linux-gnu
ac_cv_c_compiler_gnu=yes
ac_cv_cxx_compiler_gnu=yes
ac_cv_env_AM_TEST_RUNNER_SHELL_set=
ac_cv_env_AM_TEST_RUNNER_SHELL_value=
ac_cv_env_CCC_set=
ac_cv_env_CCC_value=
ac_cv_env_CC_set=
ac_cv_env_CC_value=
ac_cv_env_CFLAGS_set=
ac_cv_env_CFLAGS_value=
ac_cv_env_CPPFLAGS_set=
ac_cv_env_CPPFLAGS_value=
ac_cv_env_CXXFLAGS_set=
ac_cv_env_CXXFLAGS_value=
ac_cv_env_CXX_set=
ac_cv_env_CXX_value=
ac_cv_env_F77_set=
ac_cv_env_F77_value=
ac_cv_env_FCFLAGS_set=
ac_cv_env_FCFLAGS_value=
ac_cv_env_FC_set=
ac_cv_env_FC_value=
ac_cv_env_FFLAGS_set=
ac_cv_env_FFLAGS_value=
ac_cv_env_GNU_CC_set=
ac_cv_env_GNU_CC_value=
ac_cv_env_GNU_CFLAGS_set=
ac_cv_env_GNU_CFLAGS_value=
ac_cv_env_GNU_CXXFLAGS_set=
ac_cv_env_GNU_CXXFLAGS_value=
ac_cv_env_GNU_CXX_set=
ac_cv_env_GNU_CXX_value=
ac_cv_env_GNU_F77_set=
ac_cv_env_GNU_F77_value=
ac_cv_env_GNU_FCFLAGS_set=
ac_cv_env_GNU_FCFLAGS_value=
ac_cv_env_GNU_FC_set=
ac_cv_env_GNU_FC_value=
ac_cv_env_GNU_FFLAGS_set=
ac_cv_env_GNU_FFLAGS_value=
ac_cv_env_GNU_GCJFLAGS_set=
ac_cv_env_GNU_GCJFLAGS_value=
ac_cv_env_GNU_GCJ_set=
ac_cv_env_GNU_GCJ_value=
ac_cv_env_LDFLAGS_set=
ac_cv_env_LDFLAGS_value=
ac_cv_env_LIBS_set=
ac_cv_env_LIBS_value=
ac_cv_env_build_alias_set=
ac_cv_env_build_alias_value=
ac_cv_env_host_alias_set=
ac_cv_env_host_alias_value=
ac_cv_env_target_alias_set=
ac_cv_env_target_alias_value=
ac_cv_host=x86_64-pc-linux-gnu
ac_cv_path_EGREP='/bin/grep -E'
ac_cv_path_FGREP='/bin/grep -F'
ac_cv_path_GREP=/bin/grep
ac_cv_path_PERL=/usr/bin/perl
ac_cv_path_install='/usr/bin/install -c'
ac_cv_path_mkdir=/bin/mkdir
ac_cv_prog_AWK=gawk
ac_cv_prog_ac_ct_CC=cc
ac_cv_prog_ac_ct_CXX=c++
ac_cv_prog_cc_c11=
ac_cv_prog_cc_g=yes
ac_cv_prog_cc_stdc=
ac_cv_prog_cxx_11=no
ac_cv_prog_cxx_cxx11=
ac_cv_prog_cxx_g=yes
ac_cv_prog_cxx_stdcxx=
ac_cv_prog_make_make_set=yes
am_cv_autoconf_installed=yes
am_cv_autoconf_version=yes
am_cv_autoconf_works=yes
am_cv_make_support_nested_variables=yes
am_cv_prog_cc_c_o=yes
am_cv_prog_ln='cp -p'

## ----------------- ##
## Output variables. ##
## ----------------- ##

ACLOCAL='"/home/dmadmin/project/blogs/blog_gawk_extension/automake-1.16.5/pre-inst-env" aclocal-1.16'
AMTAR='$${TAR-tar}'
AM_BACKSLASH='\'
AM_DEFAULT_V='$(AM_DEFAULT_VERBOSITY)'
AM_DEFAULT_VERBOSITY='0'
AM_TEST_RUNNER_SHELL='/bin/bash'
AM_V='$(V)'
APIVERSION='1.16'
AUTOCONF='${SHELL} '\''/home/dmadmin/project/blogs/blog_gawk_extension/automake-1.16.5/lib/missing'\'' autoconf'
AUTOHEADER='${SHELL} '\''/home/dmadmin/project/blogs/blog_gawk_extension/automake-1.16.5/lib/missing'\'' autoheader'
AUTOMAKE='"/home/dmadmin/project/blogs/blog_gawk_extension/automake-1.16.5/pre-inst-env" automake-1.16'
AWK='gawk'
CC='cc'
CFLAGS='-g -O2'
CPPFLAGS=''
CSCOPE='cscope'
CTAGS='ctags'
CXX='c++'
CXXFLAGS='-g -O2'
CYGPATH_W='echo'
DEFS='-DPACKAGE_NAME=\"GNU\ Automake\" -DPACKAGE_TARNAME=\"automake\" -DPACKAGE_VERSION=\"1.16.5\" -DPACKAGE_STRING=\"GNU\ Automake\ 1.16.5\" -DPACKAGE_BUGREPORT=\"bug-automake@gnu.org\" -DPACKAGE_URL=\"https://www.gnu.org/software/automake/\"'
ECHO_C=''
ECHO_N='-n'
ECHO_T=''
EGREP='/bin/grep -E'
ETAGS='etags'
EXEEXT='UNKNOWN'
F77='false'
FC='false'
FCFLAGS=''
FFLAGS=''
FGREP='/bin/grep -F'
GNU_CC='cc'
GNU_CFLAGS='-g -O2'
GNU_CXX='c++'
GNU_CXXFLAGS='-g -O2'
GNU_F77='false'
GNU_FC='false'
GNU_FCFLAGS=''
GNU_FFLAGS=''
GNU_GCJ='false'
GNU_GCJFLAGS=''
GREP='/bin/grep'
INSTALL_DATA='${INSTALL} -m 644'
INSTALL_PROGRAM='${INSTALL}'
INSTALL_SCRIPT='${INSTALL}'
INSTALL_STRIP_PROGRAM='$(install_sh) -c -s'
LDFLAGS=''
LEX='false'
LIBOBJS=''
LIBS=''
LN='cp -p'
LN_S='cp -pR'
LTLIBOBJS=''
MAKEINFO='${SHELL} '\''/home/dmadmin/project/blogs/blog_gawk_extension/automake-1.16.5/lib/missing'\'' makeinfo'
MKDIR_P='/bin/mkdir -p'
MODIFICATION_DELAY='2'
OBJEXT='UNKNOWN'
PACKAGE='automake'
PACKAGE_BUGREPORT='bug-automake@gnu.org'
PACKAGE_NAME='GNU Automake'
PACKAGE_STRING='GNU Automake 1.16.5'
PACKAGE_TARNAME='automake'
PACKAGE_URL='https://www.gnu.org/software/automake/'
PACKAGE_VERSION='1.16.5'
PATH_SEPARATOR=':'
PERL='/usr/bin/perl'
RELEASE_YEAR='2021'
SET_MAKE=''
SHELL='/bin/bash'
STRIP=''
TEX=''
VERSION='1.16.5'
YACC='false'
ac_ct_CC='cc'
ac_ct_CXX='c++'
ac_ct_F77=''
ac_ct_FC=''
ac_ct_GNU_CC=''
ac_ct_GNU_CXX=''
ac_ct_GNU_F77=''
ac_ct_GNU_FC=''
ac_ct_GNU_GCJ=''
am_AUTOCONF='autoconf'
am_AUTOHEADER='autoheader'
am_AUTOM4TE='autom4te'
am_AUTORECONF='autoreconf'
am_AUTOUPDATE='autoupdate'
am__EXEEXT_FALSE='#'
am__EXEEXT_TRUE=''
am__isrc=''
am__leading_dot='.'
am__tar='$${TAR-tar} chof - "$$tardir"'
am__untar='$${TAR-tar} xf -'
am_candidate_sh=''
amdir='${pkgvdatadir}/am'
automake_acdir='${datadir}/aclocal-1.16'
bindir='${exec_prefix}/bin'
build='x86_64-pc-linux-gnu'
build_alias=''
build_cpu='x86_64'
build_os='linux-gnu'
build_vendor='pc'
datadir='${datarootdir}'
datarootdir='${prefix}/share'
docdir='${datarootdir}/doc/${PACKAGE_TARNAME}'
dvidir='${docdir}'
exec_prefix='${prefix}'
host='x86_64-pc-linux-gnu'
host_alias=''
host_cpu='x86_64'
host_os='linux-gnu'
host_vendor='pc'
htmldir='${docdir}'
includedir='${prefix}/include'
infodir='${datarootdir}/info'
install_sh='${SHELL} /home/dmadmin/project/blogs/blog_gawk_extension/automake-1.16.5/lib/install-sh'
libdir='${exec_prefix}/lib'
libexecdir='${exec_prefix}/libexec'
localedir='${datarootdir}/locale'
localstatedir='${prefix}/var'
mandir='${datarootdir}/man'
mkdir_p='$(MKDIR_P)'
oldincludedir='/usr/include'
pdfdir='${docdir}'
pkgvdatadir='${datadir}/automake-1.16'
prefix='/usr/local'
program_transform_name='s,x,x,'
psdir='${docdir}'
required_autoconf_version='2.65'
runstatedir='${localstatedir}/run'
sbindir='${exec_prefix}/sbin'
scriptdir='${pkgvdatadir}'
sharedstatedir='${prefix}/com'
sysconfdir='${prefix}/etc'
system_acdir='${datadir}/aclocal'
target_alias=''

## ----------- ##
## confdefs.h. ##
## ----------- ##

/* confdefs.h */
#define PACKAGE_NAME "GNU Automake"
#define PACKAGE_TARNAME "automake"
#define PACKAGE_VERSION "1.16.5"
#define PACKAGE_STRING "GNU Automake 1.16.5"
#define PACKAGE_BUGREPORT "bug-automake@gnu.org"
#define PACKAGE_URL "https://www.gnu.org/software/automake/"

configure: exit 0

## ---------------------- ##
## Running config.status. ##
## ---------------------- ##

This file was extended by GNU Automake config.status 1.16.5, which was
generated by GNU Autoconf 2.71.  Invocation command line was

  CONFIG_FILES    = 
  CONFIG_HEADERS  = 
  CONFIG_LINKS    = 
  CONFIG_COMMANDS = 
  $ ./config.status --file=-

on docker


## ---------------------- ##
## Running config.status. ##
## ---------------------- ##

This file was extended by GNU Automake config.status 1.16.5, which was
generated by GNU Autoconf 2.71.  Invocation command line was

  CONFIG_FILES    = 
  CONFIG_HEADERS  = 
  CONFIG_LINKS    = 
  CONFIG_COMMANDS = 
  $ ./config.status --file=-

on docker


## ---------------------- ##
## Running config.status. ##
## ---------------------- ##

This file was extended by GNU Automake config.status 1.16.5, which was
generated by GNU Autoconf 2.71.  Invocation command line was

  CONFIG_FILES    = 
  CONFIG_HEADERS  = 
  CONFIG_LINKS    = 
  CONFIG_COMMANDS = 
  $ ./config.status --file=-

on docker


## ---------------------- ##
## Running config.status. ##
## ---------------------- ##

This file was extended by GNU Automake config.status 1.16.5, which was
generated by GNU Autoconf 2.71.  Invocation command line was

  CONFIG_FILES    = 
  CONFIG_HEADERS  = 
  CONFIG_LINKS    = 
  CONFIG_COMMANDS = 
  $ ./config.status --file=-

on docker


## ---------------------- ##
## Running config.status. ##
## ---------------------- ##

This file was extended by GNU Automake config.status 1.16.5, which was
generated by GNU Autoconf 2.71.  Invocation command line was

  CONFIG_FILES    = 
  CONFIG_HEADERS  = 
  CONFIG_LINKS    = 
  CONFIG_COMMANDS = 
  $ ./config.status --file=-

on docker


## ---------------------- ##
## Running config.status. ##
## ---------------------- ##

This file was extended by GNU Automake config.status 1.16.5, which was
generated by GNU Autoconf 2.71.  Invocation command line was

  CONFIG_FILES    = 
  CONFIG_HEADERS  = 
  CONFIG_LINKS    = 
  CONFIG_COMMANDS = 
  $ ./config.status --file=-

on docker


## ---------------------- ##
## Running config.status. ##
## ---------------------- ##

This file was extended by GNU Automake config.status 1.16.5, which was
generated by GNU Autoconf 2.71.  Invocation command line was

  CONFIG_FILES    = 
  CONFIG_HEADERS  = 
  CONFIG_LINKS    = 
  CONFIG_COMMANDS = 
  $ ./config.status --file=-

on docker

